<?xml version="1.0" encoding="UTF-8"?>
<!-- Generated by org.testng.reporters.JUnitXMLReporter -->
<testsuite hostname="sys" ignored="0" name="Default test" tests="5" failures="0" timestamp="2019-12-04T16:55:11 EST" time="133.612" errors="0">
  <testcase name="createNewContactTest" time="5.679" classname="com.qa.Hubspot.testcases.ContactsPageTest"/>
  <testcase name="createNewContactTest" time="5.086" classname="com.qa.Hubspot.testcases.ContactsPageTest"/>
  <testcase name="createNewContactTest" time="5.374" classname="com.qa.Hubspot.testcases.ContactsPageTest"/>
  <testcase name="createNewContactTest" time="5.401" classname="com.qa.Hubspot.testcases.ContactsPageTest"/>
  <testcase name="verifyContactsPageTitleTest" time="0.022" classname="com.qa.Hubspot.testcases.ContactsPageTest"/>
</testsuite> <!-- Default test -->
