<?xml version="1.0" encoding="UTF-8"?>
<!-- Generated by org.testng.reporters.JUnitXMLReporter -->
<testsuite hostname="sys" ignored="0" name="Hub spot sanity Test" tests="3" failures="0" timestamp="2019-12-06T18:41:14 EST" time="54.649" errors="0">
  <testcase name="verifyLoginPageTitleTest" time="1.041" classname="com.qa.Hubspot.testcases.LoginPageTest"/>
  <testcase name="verifySighUpLink" time="0.794" classname="com.qa.Hubspot.testcases.LoginPageTest"/>
  <testcase name="verifyLoginPage" time="3.56" classname="com.qa.Hubspot.testcases.LoginPageTest"/>
</testsuite> <!-- Hub spot sanity Test -->
